[debug] [2021-04-11T01:48:45.294Z] ----------------------------------------------------------------------
[debug] [2021-04-11T01:48:45.295Z] Command:       C:\Program Files\nodejs\node.exe C:\Users\SAKURA08\AppData\Roaming\npm\node_modules\firebase-tools\lib\bin\firebase.js init
[debug] [2021-04-11T01:48:45.296Z] CLI Version:   9.9.0
[debug] [2021-04-11T01:48:45.296Z] Platform:      win32
[debug] [2021-04-11T01:48:45.296Z] Node Version:  v14.16.0
[debug] [2021-04-11T01:48:45.297Z] Time:          Sun Apr 11 2021 10:48:45 GMT+0900 (日本標準時)
[debug] [2021-04-11T01:48:45.297Z] ----------------------------------------------------------------------
[debug] 
[debug] [2021-04-11T01:48:45.299Z] >>> [apiv2][query] GET https://firebase-public.firebaseio.com/cli.json [none]
[debug] [2021-04-11T01:48:45.314Z] > command requires scopes: ["email","openid","https://www.googleapis.com/auth/cloudplatformprojects.readonly","https://www.googleapis.com/auth/firebase","https://www.googleapis.com/auth/cloud-platform"]
[debug] [2021-04-11T01:48:45.314Z] > authorizing via signed-in user (sakuranosato.takajo.4195@gmail.com)
[info] 
     ######## #### ########  ######## ########     ###     ######  ########
     ##        ##  ##     ## ##       ##     ##  ##   ##  ##       ##
     ######    ##  ########  ######   ########  #########  ######  ######
     ##        ##  ##    ##  ##       ##     ## ##     ##       ## ##
     ##       #### ##     ## ######## ########  ##     ##  ######  ########

You're about to initialize a Firebase project in this directory:

  C:\Users\SAKURA08\Desktop\sakurazaiko

[debug] [2021-04-11T01:48:46.010Z] <<< [apiv2][status] GET https://firebase-public.firebaseio.com/cli.json 200
[debug] [2021-04-11T01:48:46.011Z] <<< [apiv2][body] GET https://firebase-public.firebaseio.com/cli.json {"cloudBuildErrorAfter":1594252800000,"cloudBuildWarnAfter":1590019200000,"defaultNode10After":1594252800000,"minVersion":"3.0.5","node8DeploysDisabledAfter":1613390400000,"node8RuntimeDisabledAfter":1615809600000,"node8WarnAfter":1600128000000}
[info] 
=== Project Setup
[info] 
[info] First, let's associate this project directory with a Firebase project.
[info] You can create multiple project aliases by running firebase use --add, 
[info] but for now we'll just set up a default project.
[info] 
[debug] [2021-04-11T01:53:14.977Z] > refreshing access token with scopes: []
[debug] [2021-04-11T01:53:14.977Z] >>> HTTP REQUEST POST https://www.googleapis.com/oauth2/v3/token  
 <request body omitted>
[debug] [2021-04-11T01:53:15.167Z] <<< HTTP RESPONSE 200 {"pragma":"no-cache","date":"Sun, 11 Apr 2021 01:53:15 GMT","expires":"Mon, 01 Jan 1990 00:00:00 GMT","cache-control":"no-cache, no-store, max-age=0, must-revalidate","content-type":"application/json; charset=utf-8","vary":"X-Origin, Referer, Origin,Accept-Encoding","server":"scaffolding on HTTPServer2","x-xss-protection":"0","x-frame-options":"SAMEORIGIN","x-content-type-options":"nosniff","alt-svc":"h3-29=\":443\"; ma=2592000,h3-T051=\":443\"; ma=2592000,h3-Q050=\":443\"; ma=2592000,h3-Q046=\":443\"; ma=2592000,h3-Q043=\":443\"; ma=2592000,quic=\":443\"; ma=2592000; v=\"46,43\"","accept-ranges":"none","transfer-encoding":"chunked"}
[debug] [2021-04-11T01:53:15.189Z] >>> [apiv2][query] GET https://firebase.googleapis.com/v1beta1/projects pageSize=100
[debug] [2021-04-11T01:53:15.913Z] <<< [apiv2][status] GET https://firebase.googleapis.com/v1beta1/projects 200
[debug] [2021-04-11T01:53:15.913Z] <<< [apiv2][body] GET https://firebase.googleapis.com/v1beta1/projects [omitted]
[info] i  Using project kannonzaikokanri (KannonZaikoKanri) 
[info] 
=== Database Setup
[info] i  database: ensuring required API firebasedatabase.googleapis.com is enabled... 
[debug] [2021-04-11T01:53:19.771Z] > refreshing access token with scopes: ["email","https://www.googleapis.com/auth/cloud-platform","https://www.googleapis.com/auth/cloudplatformprojects.readonly","https://www.googleapis.com/auth/firebase","openid"]
[debug] [2021-04-11T01:53:19.772Z] >>> HTTP REQUEST POST https://www.googleapis.com/oauth2/v3/token  
 <request body omitted>
[debug] [2021-04-11T01:53:19.945Z] <<< HTTP RESPONSE 200 {"date":"Sun, 11 Apr 2021 01:53:19 GMT","pragma":"no-cache","expires":"Mon, 01 Jan 1990 00:00:00 GMT","cache-control":"no-cache, no-store, max-age=0, must-revalidate","content-type":"application/json; charset=utf-8","vary":"X-Origin, Referer, Origin,Accept-Encoding","server":"scaffolding on HTTPServer2","x-xss-protection":"0","x-frame-options":"SAMEORIGIN","x-content-type-options":"nosniff","alt-svc":"h3-29=\":443\"; ma=2592000,h3-T051=\":443\"; ma=2592000,h3-Q050=\":443\"; ma=2592000,h3-Q046=\":443\"; ma=2592000,h3-Q043=\":443\"; ma=2592000,quic=\":443\"; ma=2592000; v=\"46,43\"","accept-ranges":"none","transfer-encoding":"chunked"}
[debug] [2021-04-11T01:53:19.955Z] >>> HTTP REQUEST GET https://serviceusage.googleapis.com/v1/projects/kannonzaikokanri/services/firebasedatabase.googleapis.com  
 
[debug] [2021-04-11T01:53:21.468Z] <<< HTTP RESPONSE 200 {"content-type":"application/json; charset=UTF-8","vary":"X-Origin, Referer, Origin,Accept-Encoding","date":"Sun, 11 Apr 2021 01:53:21 GMT","server":"ESF","cache-control":"private","x-xss-protection":"0","x-frame-options":"SAMEORIGIN","x-content-type-options":"nosniff","alt-svc":"h3-29=\":443\"; ma=2592000,h3-T051=\":443\"; ma=2592000,h3-Q050=\":443\"; ma=2592000,h3-Q046=\":443\"; ma=2592000,h3-Q043=\":443\"; ma=2592000,quic=\":443\"; ma=2592000; v=\"46,43\"","accept-ranges":"none","transfer-encoding":"chunked"}
[info] +  database: required API firebasedatabase.googleapis.com is enabled 
[info] 
[debug] [2021-04-11T01:53:21.470Z] >>> HTTP REQUEST GET https://firebasedatabase.googleapis.com/v1beta/projects/kannonzaikokanri/locations/-/instances/kannonzaikokanri-default-rtdb  
 
[debug] [2021-04-11T01:53:22.275Z] <<< HTTP RESPONSE 200 {"content-type":"application/json; charset=UTF-8","vary":"X-Origin, Referer, Origin,Accept-Encoding","date":"Sun, 11 Apr 2021 01:53:22 GMT","server":"ESF","cache-control":"private","x-xss-protection":"0","x-frame-options":"SAMEORIGIN","x-content-type-options":"nosniff","alt-svc":"h3-29=\":443\"; ma=2592000,h3-T051=\":443\"; ma=2592000,h3-Q050=\":443\"; ma=2592000,h3-Q046=\":443\"; ma=2592000,h3-Q043=\":443\"; ma=2592000,quic=\":443\"; ma=2592000; v=\"46,43\"","accept-ranges":"none","transfer-encoding":"chunked"}
[info] 
[info] Firebase Realtime Database Security Rules allow you to define how your data should be
[info] structured and when your data can be read from and written to.
[info] 
[debug] [2021-04-11T02:00:16.543Z] >>> HTTP REQUEST GET https://kannonzaikokanri-default-rtdb.firebaseio.com/.settings/rules.json  
 
[debug] [2021-04-11T02:00:17.169Z] <<< HTTP RESPONSE 200 {"server":"nginx","date":"Sun, 11 Apr 2021 02:00:17 GMT","content-type":"application/json; charset=utf-8","content-length":"60","connection":"keep-alive","access-control-allow-origin":"*","cache-control":"no-cache","strict-transport-security":"max-age=31556926; includeSubDomains; preload"}
[info] +  Database Rules for kannonzaikokanri-default-rtdb have been written to database.rules.json. 
[info] Future modifications to database.rules.json will update Realtime Database Security Rules when you run
[info] firebase deploy.
[info] 
=== Hosting Setup
[info] 
[info] Your public directory is the folder (relative to your project directory) that
[info] will contain Hosting assets to be uploaded with firebase deploy. If you
[info] have a build process for your assets, use your build's output directory.
[info] 
[debug] [2021-04-11T02:01:09.878Z] >>> [apiv2][query] GET https://www.gstatic.com/firebasejs/releases.json [none]
[debug] [2021-04-11T02:01:10.066Z] <<< [apiv2][status] GET https://www.gstatic.com/firebasejs/releases.json 200
[debug] [2021-04-11T02:01:10.066Z] <<< [apiv2][body] GET https://www.gstatic.com/firebasejs/releases.json {"current":{"version":"8.3.3","browserURL":"https://www.gstatic.com/firebasejs/8.3.3/firebase.js","packageURL":"https://www.gstatic.com/firebasejs/8.3.3/firebase.tgz"},"live":{"version":"8.3","browserURL":"https://www.gstatic.com/firebasejs/live/8.3/firebase.js","packageURL":"https://www.gstatic.com/firebasejs/live/8.3/firebase.tgz"},"components":{"analytics":"https://www.gstatic.com/firebasejs/8.3.3/firebase-analytics.js","app":"https://www.gstatic.com/firebasejs/8.3.3/firebase-app.js","auth":"https://www.gstatic.com/firebasejs/8.3.3/firebase-auth.js","database":"https://www.gstatic.com/firebasejs/8.3.3/firebase-database.js","firestore":"https://www.gstatic.com/firebasejs/8.3.3/firebase-firestore.js","functions":"https://www.gstatic.com/firebasejs/8.3.3/firebase-functions.js","installations":"https://www.gstatic.com/firebasejs/8.3.3/firebase-installations.js","messaging":"https://www.gstatic.com/firebasejs/8.3.3/firebase-messaging.js","storage":"https://www.gstatic.com/firebasejs/8.3.3/firebase-storage.js","performance":"https://www.gstatic.com/firebasejs/8.3.3/firebase-performance.js","remote-config":"https://www.gstatic.com/firebasejs/8.3.3/firebase-remote-config.js","firestore.memory":"https://www.gstatic.com/firebasejs/8.3.3/firebase-firestore.memory.js"}}
[info] +  Wrote public/index.html 
[info] 
[info] i  Didn't detect a .git folder. Assuming C:\Users\SAKURA08\Desktop\sakurazaiko is the project root. 
[info] i  Authorizing with GitHub to upload your service account to a GitHub repository's secrets store. 
[info] 
[info] Visit this URL on this device to log in:
[info] https://github.com/login/oauth/authorize?client_id=89cf50f02ac6aaed3484&state=928670188&redirect_uri=http%3A%2F%2Flocalhost%3A9005&scope=read%3Auser%20repo%20public_repo
[info] 
[info] Waiting for authentication...
[debug] [2021-04-11T02:01:31.598Z] >>> HTTP REQUEST POST https://github.com/login/oauth/access_token  
 {"client_id":"89cf50f02ac6aaed3484","client_secret":"3330d14abc895d9a74d5f17cd7a00711fa2c5bf0","code":"d7a9c1c501490df788e9","redirect_uri":"http://localhost:9005","state":"928670188"}
[debug] [2021-04-11T02:01:31.936Z] <<< HTTP RESPONSE 200 {"server":"GitHub.com","date":"Sun, 11 Apr 2021 02:01:31 GMT","content-type":"application/json; charset=utf-8","transfer-encoding":"chunked","vary":"X-PJAX, Accept-Encoding, Accept, X-Requested-With","etag":"W/\"a599a515f71f46a3b1d0c41df73fffbf\"","cache-control":"max-age=0, private, must-revalidate","strict-transport-security":"max-age=31536000; includeSubdomains; preload","x-frame-options":"deny","x-content-type-options":"nosniff","x-xss-protection":"0","referrer-policy":"origin-when-cross-origin, strict-origin-when-cross-origin","expect-ct":"max-age=2592000, report-uri=\"https://api.github.com/_private/browser/errors\"","content-security-policy":"default-src 'none'; base-uri 'self'; block-all-mixed-content; connect-src 'self' uploads.github.com www.githubstatus.com collector.githubapp.com api.github.com github-cloud.s3.amazonaws.com github-production-repository-file-5c1aeb.s3.amazonaws.com github-production-upload-manifest-file-7fdce7.s3.amazonaws.com github-production-user-asset-6210df.s3.amazonaws.com cdn.optimizely.com logx.optimizely.com/v1/events wss://alive.github.com; font-src github.githubassets.com; form-action 'self' github.com gist.github.com; frame-ancestors 'none'; frame-src render.githubusercontent.com; img-src 'self' data: github.githubassets.com identicons.github.com collector.githubapp.com github-cloud.s3.amazonaws.com secured-user-images.githubusercontent.com/ *.githubusercontent.com; manifest-src 'self'; media-src 'none'; script-src github.githubassets.com; style-src 'unsafe-inline' github.githubassets.com; worker-src github.com/socket-worker-3f088aa2.js gist.github.com/socket-worker-3f088aa2.js","x-github-request-id":"F0E7:2CBE:57CFDA:67476D:6072587B"}
[debug] [2021-04-11T02:01:31.942Z] >>> [apiv2][query] GET https://api.github.com/user [none]
[debug] [2021-04-11T02:01:32.375Z] <<< [apiv2][status] GET https://api.github.com/user 200
[debug] [2021-04-11T02:01:32.375Z] <<< [apiv2][body] GET https://api.github.com/user {"login":"KannonSakuranosato","id":81348821,"node_id":"MDQ6VXNlcjgxMzQ4ODIx","avatar_url":"https://avatars.githubusercontent.com/u/81348821?v=4","gravatar_id":"","url":"https://api.github.com/users/KannonSakuranosato","html_url":"https://github.com/KannonSakuranosato","followers_url":"https://api.github.com/users/KannonSakuranosato/followers","following_url":"https://api.github.com/users/KannonSakuranosato/following{/other_user}","gists_url":"https://api.github.com/users/KannonSakuranosato/gists{/gist_id}","starred_url":"https://api.github.com/users/KannonSakuranosato/starred{/owner}{/repo}","subscriptions_url":"https://api.github.com/users/KannonSakuranosato/subscriptions","organizations_url":"https://api.github.com/users/KannonSakuranosato/orgs","repos_url":"https://api.github.com/users/KannonSakuranosato/repos","events_url":"https://api.github.com/users/KannonSakuranosato/events{/privacy}","received_events_url":"https://api.github.com/users/KannonSakuranosato/received_events","type":"User","site_admin":false,"name":null,"company":null,"blog":"","location":null,"email":null,"hireable":null,"bio":null,"twitter_username":null,"public_repos":2,"public_gists":0,"followers":0,"following":0,"created_at":"2021-03-25T06:37:13Z","updated_at":"2021-04-11T02:01:31Z","private_gists":0,"total_private_repos":2,"owned_private_repos":2,"disk_usage":3,"collaborators":0,"two_factor_authentication":false,"plan":{"name":"free","space":976562499,"collaborators":0,"private_repos":10000}}
[info] 
[info] +  Success! Logged into GitHub as KannonSakuranosato 
[info] 
[debug] [2021-04-11T02:01:45.326Z] >>> [apiv2][query] GET https://api.github.com/repos//actions/secrets/public-key type=owner
[debug] [2021-04-11T02:01:45.612Z] <<< [apiv2][status] GET https://api.github.com/repos//actions/secrets/public-key 404
[debug] [2021-04-11T02:01:45.613Z] <<< [apiv2][body] GET https://api.github.com/repos//actions/secrets/public-key {"message":"Not Found","documentation_url":"https://docs.github.com/rest"}
[debug] [2021-04-11T02:01:59.813Z] >>> [apiv2][query] GET https://api.github.com/repos//actions/secrets/public-key type=owner
[debug] [2021-04-11T02:02:00.112Z] <<< [apiv2][status] GET https://api.github.com/repos//actions/secrets/public-key 404
[debug] [2021-04-11T02:02:00.112Z] <<< [apiv2][body] GET https://api.github.com/repos//actions/secrets/public-key {"message":"Not Found","documentation_url":"https://docs.github.com/rest"}
[debug] [2021-04-11T02:02:10.950Z] >>> [apiv2][query] GET https://api.github.com/repos//actions/secrets/public-key type=owner
[debug] [2021-04-11T02:02:11.239Z] <<< [apiv2][status] GET https://api.github.com/repos//actions/secrets/public-key 404
[debug] [2021-04-11T02:02:11.239Z] <<< [apiv2][body] GET https://api.github.com/repos//actions/secrets/public-key {"message":"Not Found","documentation_url":"https://docs.github.com/rest"}
